<?xml version="1.0" encoding="UTF-8"?>
<testsuite name="com.twu.biblioteca.BibliotecaAppTest" tests="8" skipped="0" failures="0" errors="0" timestamp="2014-07-30T12:35:30" hostname="CNyren.local" time="0.0050">
  <properties/>
  <testcase name="should_give_notice_when_option_is_invalid" classname="com.twu.biblioteca.BibliotecaAppTest" time="0.0020"/>
  <testcase name="should_get_book_author_list" classname="com.twu.biblioteca.BibliotecaAppTest" time="0.0"/>
  <testcase name="should_only_get_list_books_option_for_now" classname="com.twu.biblioteca.BibliotecaAppTest" time="0.0"/>
  <testcase name="should_print_welcome_message" classname="com.twu.biblioteca.BibliotecaAppTest" time="0.0"/>
  <testcase name="should_get_book_year_list" classname="com.twu.biblioteca.BibliotecaAppTest" time="0.0"/>
  <testcase name="should_get_list_books" classname="com.twu.biblioteca.BibliotecaAppTest" time="0.0"/>
  <testcase name="should_list_books_details" classname="com.twu.biblioteca.BibliotecaAppTest" time="0.0"/>
  <testcase name="should_list_books_when_option_is_1" classname="com.twu.biblioteca.BibliotecaAppTest" time="0.0"/>
  <system-out><![CDATA[]]></system-out>
  <system-err><![CDATA[]]></system-err>
</testsuite>
