<?xml version="1.0" encoding="UTF-8"?>
<testsuite name="com.twu.biblioteca.BookTest" tests="4" skipped="0" failures="0" errors="0" timestamp="2014-07-30T12:35:30" hostname="CNyren.local" time="0.0010">
  <properties/>
  <testcase name="should_get_detail" classname="com.twu.biblioteca.BookTest" time="0.0"/>
  <testcase name="should_get_book_author" classname="com.twu.biblioteca.BookTest" time="0.0"/>
  <testcase name="should_get_book_name" classname="com.twu.biblioteca.BookTest" time="0.0"/>
  <testcase name="should_get_book_year" classname="com.twu.biblioteca.BookTest" time="0.0010"/>
  <system-out><![CDATA[]]></system-out>
  <system-err><![CDATA[]]></system-err>
</testsuite>
